2021/06/06 19:50:43 INFO: Puerto: '/dev/ttyUSB0', dispositivo: 'vp_ex320u', comando: 'set_power("ON")', descripción: 'Encender Videoproyector'
2021/06/06 19:50:43 INFO: Puerto: '/dev/ttyUSB1', dispositivo: 'mx_ca40', comando: 'set_mute("OFF")', descripción: 'Desactivar silencio del mezclador'
2021/06/06 20:13:31 INFO: Puerto: '/dev/ttyUSB0', dispositivo: 'vp_ex320u', comando: 'set_power("OFF")', descripción: 'Apagar Videoproyector'
2021/06/06 20:13:31 INFO: Puerto: '/dev/ttyUSB1', dispositivo: 'mx_ca40', comando: 'set_mute("ON")', descripción: 'Silenciar mezclador'
2021/06/06 21:01:54 INFO: Puerto: '/dev/ttyUSB0', dispositivo: 'vp_ex320u', comando: 'set_power("ON")', descripción: 'Encender Videoproyector'
2021/06/06 21:01:55 INFO: Puerto: '/dev/ttyUSB1', dispositivo: 'mx_ca40', comando: 'set_mute("OFF")', descripción: 'Desactivar silencio del mezclador'
2021/06/06 21:02:16 INFO: Puerto: '/dev/ttyUSB0', dispositivo: 'vp_ex320u', comando: 'set_avmute("ON")', descripción: 'Mutear A/V videoproyector'
2021/06/06 21:02:27 INFO: Puerto: '/dev/ttyUSB0', dispositivo: 'vp_ex320u', comando: 'set_avmute("OFF")', descripción: 'Desmutear A/V Videoproyector'
2021/06/06 21:16:25 INFO: Puerto: '/dev/ttyUSB1', dispositivo: 'mx_ca40', comando: 'master_vol_up_down("up")', descripción: 'Subir volumen maestro del mezclador'
2021/06/06 21:16:28 INFO: Puerto: '/dev/ttyUSB1', dispositivo: 'mx_ca40', comando: 'master_vol_up_down("up")', descripción: 'Subir volumen maestro del mezclador'
2021/06/06 21:16:28 INFO: Puerto: '/dev/ttyUSB1', dispositivo: 'mx_ca40', comando: 'master_vol_up_down("up")', descripción: 'Subir volumen maestro del mezclador'
2021/06/06 21:16:35 INFO: Puerto: '/dev/ttyUSB1', dispositivo: 'mx_ca40', comando: 'master_vol_up_down("down")', descripción: 'Bajar volumen maestro del mezclador'
2021/06/06 21:16:36 INFO: Puerto: '/dev/ttyUSB1', dispositivo: 'mx_ca40', comando: 'master_vol_up_down("down")', descripción: 'Bajar volumen maestro del mezclador'
2021/06/06 21:16:37 INFO: Puerto: '/dev/ttyUSB1', dispositivo: 'mx_ca40', comando: 'master_vol_up_down("down")', descripción: 'Bajar volumen maestro del mezclador'
2021/06/06 21:18:48 INFO: Puerto: '/dev/ttyUSB1', dispositivo: 'mx_ca40', comando: 'set_master_vol("60")', descripción: 'Restablecer volumen maestro del mezclador'
2021/06/06 21:18:48 INFO: Puerto: '/dev/ttyUSB1', dispositivo: 'mx_ca40', comando: 'set_mic_vol("55")', descripción: 'Restablecer volumen de micrófono del mezclador'
2021/06/06 21:18:48 INFO: Puerto: '/dev/ttyUSB1', dispositivo: 'mx_ca40', comando: 'set_line1_vol("50")', descripción: 'Restablecer volumen de línea del mezclador'
2021/06/06 21:18:48 INFO: Puerto: '/dev/ttyUSB1', dispositivo: 'mx_ca40', comando: 'set_mute("OFF")', descripción: 'Desactivar silencio del mezclador'
2021/06/06 21:18:48 INFO: Puerto: '/dev/ttyUSB0', dispositivo: 'vp_ex320u', comando: 'set_avmute("OFF")', descripción: 'Desmutear A/V Videoproyector'
2021/06/06 21:18:48 INFO: Puerto: '/dev/ttyUSB0', dispositivo: 'vp_ex320u', comando: 'set_source("HDMI")', descripción: 'Fuente HDMI de Videoproyector'
2021/06/06 21:19:05 INFO: Puerto: '/dev/ttyUSB1', dispositivo: 'mx_ca40', comando: 'master_vol_up_down("up")', descripción: 'Subir volumen maestro del mezclador'
2021/06/06 21:19:06 INFO: Puerto: '/dev/ttyUSB1', dispositivo: 'mx_ca40', comando: 'master_vol_up_down("up")', descripción: 'Subir volumen maestro del mezclador'
2021/06/06 21:19:06 INFO: Puerto: '/dev/ttyUSB1', dispositivo: 'mx_ca40', comando: 'master_vol_up_down("up")', descripción: 'Subir volumen maestro del mezclador'
2021/06/06 21:19:07 INFO: Puerto: '/dev/ttyUSB1', dispositivo: 'mx_ca40', comando: 'master_vol_up_down("up")', descripción: 'Subir volumen maestro del mezclador'
2021/06/06 21:19:07 INFO: Puerto: '/dev/ttyUSB1', dispositivo: 'mx_ca40', comando: 'master_vol_up_down("up")', descripción: 'Subir volumen maestro del mezclador'
2021/06/06 21:19:07 INFO: Puerto: '/dev/ttyUSB1', dispositivo: 'mx_ca40', comando: 'master_vol_up_down("up")', descripción: 'Subir volumen maestro del mezclador'
2021/06/06 21:19:07 INFO: Puerto: '/dev/ttyUSB1', dispositivo: 'mx_ca40', comando: 'master_vol_up_down("up")', descripción: 'Subir volumen maestro del mezclador'
2021/06/06 21:19:08 INFO: Puerto: '/dev/ttyUSB1', dispositivo: 'mx_ca40', comando: 'master_vol_up_down("up")', descripción: 'Subir volumen maestro del mezclador'
2021/06/06 21:19:08 INFO: Puerto: '/dev/ttyUSB1', dispositivo: 'mx_ca40', comando: 'master_vol_up_down("up")', descripción: 'Subir volumen maestro del mezclador'
2021/06/06 21:19:08 INFO: Puerto: '/dev/ttyUSB1', dispositivo: 'mx_ca40', comando: 'master_vol_up_down("up")', descripción: 'Subir volumen maestro del mezclador'
2021/06/06 21:19:09 INFO: Puerto: '/dev/ttyUSB1', dispositivo: 'mx_ca40', comando: 'master_vol_up_down("up")', descripción: 'Subir volumen maestro del mezclador'
2021/06/06 21:19:09 INFO: Puerto: '/dev/ttyUSB1', dispositivo: 'mx_ca40', comando: 'master_vol_up_down("up")', descripción: 'Subir volumen maestro del mezclador'
2021/06/06 21:19:09 INFO: Puerto: '/dev/ttyUSB1', dispositivo: 'mx_ca40', comando: 'master_vol_up_down("up")', descripción: 'Subir volumen maestro del mezclador'
2021/06/06 21:19:09 INFO: Puerto: '/dev/ttyUSB1', dispositivo: 'mx_ca40', comando: 'master_vol_up_down("up")', descripción: 'Subir volumen maestro del mezclador'
2021/06/06 21:19:09 INFO: Puerto: '/dev/ttyUSB1', dispositivo: 'mx_ca40', comando: 'master_vol_up_down("up")', descripción: 'Subir volumen maestro del mezclador'
2021/06/06 21:19:10 INFO: Puerto: '/dev/ttyUSB1', dispositivo: 'mx_ca40', comando: 'master_vol_up_down("down")', descripción: 'Bajar volumen maestro del mezclador'
2021/06/06 21:19:11 INFO: Puerto: '/dev/ttyUSB1', dispositivo: 'mx_ca40', comando: 'master_vol_up_down("down")', descripción: 'Bajar volumen maestro del mezclador'
2021/06/06 21:19:11 INFO: Puerto: '/dev/ttyUSB1', dispositivo: 'mx_ca40', comando: 'master_vol_up_down("down")', descripción: 'Bajar volumen maestro del mezclador'
2021/06/06 21:19:11 INFO: Puerto: '/dev/ttyUSB1', dispositivo: 'mx_ca40', comando: 'master_vol_up_down("down")', descripción: 'Bajar volumen maestro del mezclador'
2021/06/06 21:19:12 INFO: Puerto: '/dev/ttyUSB1', dispositivo: 'mx_ca40', comando: 'master_vol_up_down("down")', descripción: 'Bajar volumen maestro del mezclador'
2021/06/06 21:19:12 INFO: Puerto: '/dev/ttyUSB1', dispositivo: 'mx_ca40', comando: 'master_vol_up_down("down")', descripción: 'Bajar volumen maestro del mezclador'
2021/06/06 21:19:12 INFO: Puerto: '/dev/ttyUSB1', dispositivo: 'mx_ca40', comando: 'master_vol_up_down("down")', descripción: 'Bajar volumen maestro del mezclador'
2021/06/06 21:19:12 INFO: Puerto: '/dev/ttyUSB1', dispositivo: 'mx_ca40', comando: 'master_vol_up_down("down")', descripción: 'Bajar volumen maestro del mezclador'
2021/06/06 21:19:13 INFO: Puerto: '/dev/ttyUSB1', dispositivo: 'mx_ca40', comando: 'master_vol_up_down("down")', descripción: 'Bajar volumen maestro del mezclador'
2021/06/06 21:19:14 INFO: Puerto: '/dev/ttyUSB1', dispositivo: 'mx_ca40', comando: 'master_vol_up_down("down")', descripción: 'Bajar volumen maestro del mezclador'
2021/06/06 21:19:14 INFO: Puerto: '/dev/ttyUSB1', dispositivo: 'mx_ca40', comando: 'master_vol_up_down("down")', descripción: 'Bajar volumen maestro del mezclador'
2021/06/06 21:19:14 INFO: Puerto: '/dev/ttyUSB1', dispositivo: 'mx_ca40', comando: 'master_vol_up_down("down")', descripción: 'Bajar volumen maestro del mezclador'
2021/06/06 21:19:15 INFO: Puerto: '/dev/ttyUSB1', dispositivo: 'mx_ca40', comando: 'master_vol_up_down("down")', descripción: 'Bajar volumen maestro del mezclador'
2021/06/06 21:19:15 INFO: Puerto: '/dev/ttyUSB1', dispositivo: 'mx_ca40', comando: 'master_vol_up_down("down")', descripción: 'Bajar volumen maestro del mezclador'
2021/06/06 21:19:15 INFO: Puerto: '/dev/ttyUSB1', dispositivo: 'mx_ca40', comando: 'master_vol_up_down("down")', descripción: 'Bajar volumen maestro del mezclador'
2021/06/06 21:19:16 INFO: Puerto: '/dev/ttyUSB1', dispositivo: 'mx_ca40', comando: 'master_vol_up_down("down")', descripción: 'Bajar volumen maestro del mezclador'
2021/06/06 21:19:16 INFO: Puerto: '/dev/ttyUSB1', dispositivo: 'mx_ca40', comando: 'master_vol_up_down("down")', descripción: 'Bajar volumen maestro del mezclador'
2021/06/06 21:19:16 INFO: Puerto: '/dev/ttyUSB1', dispositivo: 'mx_ca40', comando: 'master_vol_up_down("down")', descripción: 'Bajar volumen maestro del mezclador'
2021/06/06 21:19:18 INFO: Puerto: '/dev/ttyUSB1', dispositivo: 'mx_ca40', comando: 'master_vol_up_down("down")', descripción: 'Bajar volumen maestro del mezclador'
2021/06/06 21:20:20 INFO: Puerto: '/dev/ttyUSB1', dispositivo: 'mx_ca40', comando: 'master_vol_up_down("down")', descripción: 'Bajar volumen maestro del mezclador'
2021/06/06 21:20:21 INFO: Puerto: '/dev/ttyUSB1', dispositivo: 'mx_ca40', comando: 'master_vol_up_down("down")', descripción: 'Bajar volumen maestro del mezclador'
2021/06/06 21:20:21 INFO: Puerto: '/dev/ttyUSB1', dispositivo: 'mx_ca40', comando: 'master_vol_up_down("down")', descripción: 'Bajar volumen maestro del mezclador'
2021/06/06 21:20:21 INFO: Puerto: '/dev/ttyUSB1', dispositivo: 'mx_ca40', comando: 'master_vol_up_down("down")', descripción: 'Bajar volumen maestro del mezclador'
2021/06/06 21:20:24 INFO: Puerto: '/dev/ttyUSB1', dispositivo: 'mx_ca40', comando: 'mic_vol_up_down("down")', descripción: 'Bajar volumen de micrófono del mezclador'
2021/06/06 21:20:25 INFO: Puerto: '/dev/ttyUSB1', dispositivo: 'mx_ca40', comando: 'mic_vol_up_down("down")', descripción: 'Bajar volumen de micrófono del mezclador'
2021/06/06 21:20:25 INFO: Puerto: '/dev/ttyUSB1', dispositivo: 'mx_ca40', comando: 'mic_vol_up_down("down")', descripción: 'Bajar volumen de micrófono del mezclador'
2021/06/06 21:20:26 INFO: Puerto: '/dev/ttyUSB1', dispositivo: 'mx_ca40', comando: 'mic_vol_up_down("down")', descripción: 'Bajar volumen de micrófono del mezclador'
2021/06/06 21:22:42 INFO: Puerto: '/dev/ttyUSB1', dispositivo: 'mx_ca40', comando: 'master_vol_up_down("down")', descripción: 'Bajar volumen maestro del mezclador'
2021/06/06 21:22:42 INFO: Puerto: '/dev/ttyUSB1', dispositivo: 'mx_ca40', comando: 'master_vol_up_down("down")', descripción: 'Bajar volumen maestro del mezclador'
2021/06/06 21:22:42 INFO: Puerto: '/dev/ttyUSB1', dispositivo: 'mx_ca40', comando: 'master_vol_up_down("down")', descripción: 'Bajar volumen maestro del mezclador'
2021/06/06 21:22:43 INFO: Puerto: '/dev/ttyUSB1', dispositivo: 'mx_ca40', comando: 'master_vol_up_down("down")', descripción: 'Bajar volumen maestro del mezclador'
2021/06/06 21:22:43 INFO: Puerto: '/dev/ttyUSB1', dispositivo: 'mx_ca40', comando: 'master_vol_up_down("down")', descripción: 'Bajar volumen maestro del mezclador'
2021/06/06 21:22:43 INFO: Puerto: '/dev/ttyUSB1', dispositivo: 'mx_ca40', comando: 'master_vol_up_down("down")', descripción: 'Bajar volumen maestro del mezclador'
2021/06/06 21:29:47 INFO: Puerto: '/dev/ttyUSB0', dispositivo: 'vp_ex320u', comando: 'set_power("OFF")', descripción: 'Apagar Videoproyector'
2021/06/06 21:29:47 INFO: Puerto: '/dev/ttyUSB1', dispositivo: 'mx_ca40', comando: 'set_mute("ON")', descripción: 'Silenciar mezclador'
